2026-06-20 13:11:00,904 - database.local_connection - INFO - Connected to local SQLite database at C:\Users\james\Desktop\Student_Management\database\student_management.db
2026-06-20 13:11:01,071 - database.local_connection - INFO - Database tables created/verified
2026-06-20 13:13:40,807 - database.local_connection - INFO - Connected to local SQLite database at c:\Users\james\Desktop\Student_Management\database\student_management.db
2026-06-20 13:13:40,857 - database.local_connection - INFO - Database tables created/verified
2026-06-20 13:14:21,680 - auth.auth_manager - INFO - User registered successfully: ryandumbuya@gmail.com
2026-06-20 13:50:56,704 - database.local_connection - INFO - Connected to local SQLite database at c:\Users\james\Desktop\Student_Management\database\student_management.db
2026-06-20 13:50:56,874 - database.local_connection - INFO - Database tables created/verified
2026-06-20 13:55:02,918 - auth.auth_manager - INFO - User registered successfully: kfrancess782@gmail.com
2026-06-20 13:57:28,358 - database.local_connection - INFO - Connected to local SQLite database at c:\Users\james\Desktop\Student_Management\database\student_management.db
2026-06-20 13:57:28,400 - database.local_connection - INFO - Database tables created/verified
2026-06-20 13:58:53,433 - auth.auth_manager - INFO - User signed in successfully: kfrancess782@gmail.com
2026-06-20 14:10:14,647 - database.local_connection - INFO - Connected to local SQLite database at c:\Users\james\Desktop\Student_Management\database\student_management.db
2026-06-20 14:10:14,709 - database.local_connection - INFO - Database tables created/verified
2026-06-20 14:10:50,972 - auth.auth_manager - INFO - User signed in successfully: kfrancess782@gmail.com
2026-06-20 14:12:37,529 - database.local_connection - INFO - Connected to local SQLite database at c:\Users\james\Desktop\Student_Management\database\student_management.db
2026-06-20 14:12:37,538 - database.local_connection - INFO - Database tables created/verified
2026-06-20 14:13:17,477 - auth.auth_manager - INFO - User signed in successfully: kfrancess782@gmail.com
2026-06-20 14:23:25,096 - database.local_connection - INFO - Connected to local SQLite database at c:\Users\james\Desktop\Student_Management\database\student_management.db
2026-06-20 14:23:25,139 - database.local_connection - INFO - Database tables created/verified
2026-06-20 14:25:17,273 - database.local_connection - INFO - Connected to local SQLite database at c:\Users\james\Desktop\Student_Management\database\student_management.db
2026-06-20 14:25:17,283 - database.local_connection - INFO - Database tables created/verified
2026-06-20 14:25:56,211 - auth.auth_manager - INFO - User signed in successfully: kfrancess782@gmail.com
2026-06-20 16:47:08,161 - database.local_connection - INFO - Connected to local SQLite database at c:\Users\james\Desktop\Student_Management\database\student_management.db
2026-06-20 16:47:08,218 - database.local_connection - INFO - Database tables created/verified
2026-06-21 06:42:01,641 - database.local_connection - INFO - Connected to local SQLite database at c:\Users\james\Desktop\Student_Management\database\student_management.db
2026-06-21 06:42:01,770 - database.local_connection - INFO - Database tables created/verified
2026-06-21 06:43:11,173 - auth.auth_manager - INFO - User signed in successfully: kfrancess782@gmail.com
2026-06-21 07:22:19,146 - database.local_connection - INFO - Connected to local SQLite database at C:\Users\james\Desktop\Student_Management\database\student_management.db
2026-06-21 07:22:19,575 - database.local_connection - INFO - Database tables created/verified
2026-06-21 07:22:43,547 - database.local_connection - INFO - Connected to local SQLite database at c:\Users\james\Desktop\Student_Management\database\student_management.db
2026-06-21 07:22:43,549 - database.local_connection - INFO - Database tables created/verified
2026-06-21 07:23:46,979 - auth.auth_manager - INFO - User signed in successfully: kfrancess782@gmail.com
2026-06-21 07:27:33,055 - database.local_connection - INFO - Connected to local SQLite database at C:\Users\james\Desktop\Student_Management\database\student_management.db
2026-06-21 07:27:33,203 - database.local_connection - INFO - Database tables created/verified
2026-06-21 07:33:07,088 - database.local_connection - INFO - Connected to local SQLite database at c:\Users\james\Desktop\Student_Management\database\student_management.db
2026-06-21 07:33:07,221 - database.local_connection - INFO - Database tables created/verified
2026-06-21 07:34:28,824 - auth.auth_manager - INFO - User signed in successfully: kfrancess782@gmail.com
2026-06-21 08:05:16,190 - database.local_connection - INFO - Connected to local SQLite database at C:\Users\james\Desktop\Student_Management\database\student_management.db
2026-06-21 08:05:16,273 - database.local_connection - INFO - Database tables created/verified
2026-06-21 08:05:57,095 - auth.auth_manager - INFO - User signed in successfully: kfrancess782@gmail.com
2026-06-21 08:11:28,326 - database.local_connection - INFO - Connected to local SQLite database at C:\Users\james\Desktop\Student_Management\database\student_management.db
2026-06-21 08:11:28,333 - database.local_connection - INFO - Database tables created/verified
2026-06-22 09:25:13,154 - database.local_connection - INFO - Connected to local SQLite database at c:\Users\james\Desktop\Student_Management\database\student_management.db
2026-06-22 09:25:13,298 - database.local_connection - INFO - Database tables created/verified
2026-06-22 09:26:26,600 - auth.auth_manager - INFO - User signed in successfully: kfrancess782@gmail.com
